This is pdfTeX, Version 3.14159265-2.6-1.40.19 (MiKTeX 2.9.6730 64-bit) (preloaded format=pdflatex 2018.7.11)  23 JUL 2018 21:35
entering extended mode
**./tcc_henriquevitoi.tex
(tcc_henriquevitoi.tex
LaTeX2e <2018-04-01> patch level 5
(abntbibufjf.cls
Document Class: abntbibufjf 2014/07/23 v 1.0
("D:\Program Files\MiKTeX 2.9\tex\latex\base\ifthen.sty"
Package: ifthen 2014/09/29 v1.1c Standard LaTeX ifthen package (DPC)
)
("D:\Program Files\MiKTeX 2.9\tex\latex\memoir\memoir.cls"
Document Class: memoir 2018/04/04 v3.7g configurable book, report, article docu
ment class
\onelineskip=\skip41
\lxvchars=\skip42
\xlvchars=\skip43
\@memcnta=\count80
\c@@memmarkcntra=\count81
("D:\Program Files\MiKTeX 2.9\tex\generic\oberdiek\ifpdf.sty"
Package: ifpdf 2017/03/15 v3.2 Provides the ifpdf switch
)
("D:\Program Files\MiKTeX 2.9\tex\latex\ifetex\ifetex.sty"
Package: ifetex 2018/03/31 v1.2a ifetex

("D:\Program Files\MiKTeX 2.9\tex\plain\ifetex\ifetex.tex"))
("D:\Program Files\MiKTeX 2.9\tex\generic\ifxetex\ifxetex.sty"
Package: ifxetex 2010/09/12 v0.6 Provides ifxetex conditional
)
("D:\Program Files\MiKTeX 2.9\tex\generic\oberdiek\ifluatex.sty"
Package: ifluatex 2016/05/16 v1.4 Provides the ifluatex switch (HO)
Package ifluatex Info: LuaTeX not detected.
)
\stockheight=\skip44
\stockwidth=\skip45
\trimtop=\skip46
\trimedge=\skip47

("D:\Program Files\MiKTeX 2.9\tex\latex\memoir\mem12.clo"
File: mem12.clo 2010/10/19 v0.4b memoir class 12pt size option
)
\binding=\skip48
\spinemargin=\skip49
\foremargin=\skip50
\uppermargin=\skip51
\lowermargin=\skip52
\headdrop=\skip53
\normalrulethickness=\skip54
\mem@maxheadheight=\skip55
\mem@maxfootheight=\skip56
\headwidth=\skip57
\c@storedpagenumber=\count82
\memPD=\dimen102
\m@mabparskip=\skip58
\thanksmarkwidth=\skip59
\thanksmarksep=\skip60
\droptitle=\skip61
\c@book=\count83
\c@part=\count84
\c@chapter=\count85
\c@section=\count86
\c@subsection=\count87
\c@subsubsection=\count88
\c@paragraph=\count89
\c@subparagraph=\count90
\beforechapskip=\skip62
\midchapskip=\skip63
\afterchapskip=\skip64
\chapindent=\skip65
\bottomsectionskip=\skip66
\secindent=\skip67
\beforesecskip=\skip68
\aftersecskip=\skip69
\subsecindent=\skip70
\beforesubsecskip=\skip71
\aftersubsecskip=\skip72
\subsubsecindent=\skip73
\beforesubsubsecskip=\skip74
\aftersubsubsecskip=\skip75
\paraindent=\skip76
\beforeparaskip=\skip77
\afterparaskip=\skip78
\subparaindent=\skip79
\beforesubparaskip=\skip80
\aftersubparaskip=\skip81
\pfbreakskip=\skip82
\c@@ppsavesec=\count91
\c@@ppsaveapp=\count92
\ragrparindent=\dimen103
\everylistparindent=\dimen104
\parsepi=\skip83
\topsepi=\skip84
\itemsepi=\skip85
\parsepii=\skip86
\topsepii=\skip87
\topsepiii=\skip88
\itemsepii=\skip89
\itemsepiii=\skip90
\partopsepii=\skip91
\partopsepiii=\skip92
\m@msavetopsep=\skip93
\m@msavepartopsep=\skip94
\@enLab=\toks14
\abstitleskip=\skip95
\absleftindent=\skip96
\abs@leftindent=\dimen105
\absrightindent=\skip97
\absparindent=\skip98
\absparsep=\skip99
\c@vslineno=\count93
\c@poemline=\count94
\c@modulo@vs=\count95
\c@memfvsline=\count96
\vleftskip=\skip100
\vrightskip=\skip101
\stanzaskip=\skip102
\versewidth=\skip103
\vgap=\skip104
\vindent=\skip105
\vleftmargin=\dimen106
\c@verse=\count97
\c@chrsinstr=\count98
\beforepoemtitleskip=\skip106
\afterpoemtitleskip=\skip107
\c@poem=\count99
\beforePoemTitleskip=\skip108
\midPoemTitleskip=\skip109
\afterPoemTitleskip=\skip110
\col@sep=\dimen107
\extrarowheight=\dimen108
\NC@list=\toks15
\extratabsurround=\skip111
\backup@length=\skip112
\TX@col@width=\dimen109
\TX@old@table=\dimen110
\TX@old@col=\dimen111
\TX@target=\dimen112
\TX@delta=\dimen113
\TX@cols=\count100
\TX@ftn=\toks16
\heavyrulewidth=\dimen114
\lightrulewidth=\dimen115
\cmidrulewidth=\dimen116
\belowrulesep=\dimen117
\belowbottomsep=\dimen118
\aboverulesep=\dimen119
\abovetopsep=\dimen120
\cmidrulesep=\dimen121
\cmidrulekern=\dimen122
\defaultaddspace=\dimen123
\@cmidla=\count101
\@cmidlb=\count102
\@aboverulesep=\dimen124
\@belowrulesep=\dimen125
\@thisruleclass=\count103
\@lastruleclass=\count104
\@thisrulewidth=\dimen126
\ctableftskip=\skip113
\ctabrightskip=\skip114
\abovecolumnspenalty=\count105
\@linestogo=\count106
\@cellstogo=\count107
\@cellsincolumn=\count108
\crtok=\toks17
\@mincolumnwidth=\dimen127
\c@newflo@tctr=\count109
\mem@margin@floatbox=\box26
\@contcwidth=\skip115
\@contindw=\skip116
\abovecaptionskip=\skip117
\belowcaptionskip=\skip118
\subfloattopskip=\skip119
\subfloatcapskip=\skip120
\subfloatcaptopadj=\skip121
\subfloatbottomskip=\skip122
\subfloatlabelskip=\skip123
\subfloatcapmargin=\dimen128
\c@@contsubnum=\count110
\m@mscap@capbox=\box27
\m@mscap@fbox=\box28
\sidecapsep=\dimen129
\sidecapwidth=\dimen130
\m@m@tempdima=\dimen131
\m@mscapraise=\dimen132
\sidecapraise=\dimen133
\m@mscapmainwidth=\dimen134
\m@mscaplkern=\dimen135
\beforeepigraphskip=\skip124
\afterepigraphskip=\skip125
\epigraphwidth=\skip126
\epigraphrule=\skip127
LaTeX Info: Redefining \em on input line 7578.
LaTeX Info: Redefining \emph on input line 7586.
\tocentryskip=\skip128
\tocbaseline=\skip129
\cftparskip=\skip130
\cftbeforebookskip=\skip131
\cftbookindent=\dimen136
\cftbooknumwidth=\dimen137
\cftbeforepartskip=\skip132
\cftpartindent=\skip133
\cftpartnumwidth=\skip134
\cftbeforechapterskip=\skip135
\cftchapterindent=\skip136
\cftchapternumwidth=\skip137
\cftbeforesectionskip=\skip138
\cftsectionindent=\skip139
\cftsectionnumwidth=\skip140
\cftbeforesubsectionskip=\skip141
\cftsubsectionindent=\skip142
\cftsubsectionnumwidth=\skip143
\cftbeforesubsubsectionskip=\skip144
\cftsubsubsectionindent=\skip145
\cftsubsubsectionnumwidth=\skip146
\cftbeforeparagraphskip=\skip147
\cftparagraphindent=\skip148
\cftparagraphnumwidth=\skip149
\cftbeforesubparagraphskip=\skip150
\cftsubparagraphindent=\skip151
\cftsubparagraphnumwidth=\skip152
\prechapterprecisshift=\dimen138
\c@maxsecnumdepth=\count111
\bibindent=\dimen139
\bibitemsep=\skip153
\indexcolsep=\skip154
\indexrule=\skip155
\indexmarkstyle=\toks18
\@indexbox=\insert199
\glossarycolsep=\dimen140
\glossaryrule=\dimen141
\sideparvshift=\skip156
\sideins=\insert198
\sidebartopsep=\skip157
\sidebarhsep=\skip158
\sidebarvsep=\skip159
\sidebarwidth=\skip160
\footmarkwidth=\skip161
\footmarksep=\skip162
\footparindent=\skip163
\footinsdim=\skip164
\footinsv@r=\insert197
\@mpfootinsv@r=\insert196
\m@m@k=\count112
\m@m@h=\dimen142
\m@mipn@skip=\skip165
\sidefootins=\insert195
\sidefootadjust=\skip166
\sidefootheight=\skip167
\sidefoothsep=\skip168
\sidefootvsep=\skip169
\sidefootwidth=\skip170
\m@mdownsf=\skip171
\c@sidefootnote=\count113
\sidefootmarkwidth=\skip172
\sidefootmarksep=\skip173
\sidefootparindent=\skip174
\c@pagenote=\count114
\c@pagenoteshadow=\count115
\mem@pn@lastkern=\skip175
\every@verbatim=\toks19
\afterevery@verbatim=\toks20
\verbatim@line=\toks21
\tab@position=\count116
\verbatim@in@stream=\read1
\verbatimindent=\skip176
\verbatim@out=\write3
\bvboxsep=\skip177
\c@memfbvline=\count117
\c@bvlinectr=\count118
\bvnumlength=\skip178
\fb@frw=\dimen143
\fb@frh=\dimen144
\FrameRule=\dimen145
\FrameSep=\dimen146
\c@cp@cntr=\count119
LaTeX Info: Redefining \: on input line 12100.
LaTeX Info: Redefining \! on input line 12102.
\c@ism@mctr=\count120
\c@xsm@mctr=\count121
\c@csm@mctr=\count122
\c@ksm@mctr=\count123
\c@xksm@mctr=\count124
\c@cksm@mctr=\count125
\c@msm@mctr=\count126
\c@xmsm@mctr=\count127
\c@cmsm@mctr=\count128
\c@bsm@mctr=\count129
\c@workm@mctr=\count130
\c@sheetsequence=\count131
\c@lastsheet=\count132
\c@lastpage=\count133
\c@figure=\count134
\c@lofdepth=\count135
\cftbeforefigureskip=\skip179
\cftfigureindent=\skip180
\cftfigurenumwidth=\skip181
\c@table=\count136
\c@lotdepth=\count137
\cftbeforetableskip=\skip182
\cfttableindent=\skip183
\cfttablenumwidth=\skip184
Package abstract [2008/07/23] emulated by memoir.
Package appendix [2008/07/23] emulated by memoir.
Package array [2016/10/06] emulated by memoir.
Package booktabs [2016/05/16] emulated by memoir.
Package ccaption [2008/07/23] emulated by memoir.
Package changepage [2008/07/23] emulated by memoir.
Package chngcntr [2008/07/23] emulated by memoir.
Package chngpage [2008/07/23] emulated by memoir.
Package crop emulated by memoir.
Package dcolumn [2008/07/23] emulated by memoir.
Package delarray [2014/10/28] emulated by memoir.
Package enumerate [2008/07/23] emulated by memoir.
Package epigraph [2008/07/23] emulated by memoir.
Package ifmtarg [2008/07/23] emulated by memoir.
Package index [2008/07/23] emulated by memoir.
Package makeidx [2008/07/23] emulated by memoir.
Package moreverb [2008/07/23] emulated by memoir.
Package mparhack [2008/07/23] emulated by memoir.
Package needspace [2008/07/23] emulated by memoir.
Package newfile [2008/07/23] emulated by memoir.
Package nextpage [2008/07/23] emulated by memoir.
Package pagenote [2008/07/23] emulated by memoir.
Package parskip [2008/07/23] emulated by memoir.
Package patchcmd [2008/07/23] emulated by memoir.
Package setspace [2008/07/23] emulated by memoir.
Package shortvrb [2008/07/23] emulated by memoir.
Package showidx [2008/07/23] emulated by memoir.
Package tabularx [2016/02/03] emulated by memoir.
Package titleref [2008/07/23] emulated by memoir.
Package titling [2008/07/23] emulated by memoir.
Package tocbibind [2008/07/23] emulated by memoir.
Package tocloft [2008/07/23] emulated by memoir.
Package tocvsec2 [2008/07/23] emulated by memoir.
Package verbatim [2008/07/23] emulated by memoir.
Package verse [2008/07/23] emulated by memoir.
)
("D:\Program Files\MiKTeX 2.9\tex\latex\hyperref\hyperref.sty"
Package: hyperref 2018/02/06 v6.86b Hypertext links for LaTeX

("D:\Program Files\MiKTeX 2.9\tex\generic\oberdiek\hobsub-hyperref.sty"
Package: hobsub-hyperref 2016/05/16 v1.14 Bundle oberdiek, subset hyperref (HO)


("D:\Program Files\MiKTeX 2.9\tex\generic\oberdiek\hobsub-generic.sty"
Package: hobsub-generic 2016/05/16 v1.14 Bundle oberdiek, subset generic (HO)
Package: hobsub 2016/05/16 v1.14 Construct package bundles (HO)
Package: infwarerr 2016/05/16 v1.4 Providing info/warning/error messages (HO)
Package: ltxcmds 2016/05/16 v1.23 LaTeX kernel commands for general use (HO)
Package hobsub Info: Skipping package `ifluatex' (already loaded).
Package: ifvtex 2016/05/16 v1.6 Detect VTeX and its facilities (HO)
Package ifvtex Info: VTeX not detected.
Package: intcalc 2016/05/16 v1.2 Expandable calculations with integers (HO)
Package hobsub Info: Skipping package `ifpdf' (already loaded).
Package: etexcmds 2016/05/16 v1.6 Avoid name clashes with e-TeX commands (HO)
Package etexcmds Info: Could not find \expanded.
(etexcmds)             That can mean that you are not using pdfTeX 1.50 or
(etexcmds)             that some package has redefined \expanded.
(etexcmds)             In the latter case, load this package earlier.
Package: kvsetkeys 2016/05/16 v1.17 Key value parser (HO)
Package: kvdefinekeys 2016/05/16 v1.4 Define keys (HO)
Package: pdftexcmds 2018/01/30 v0.27 Utility functions of pdfTeX for LuaTeX (HO
)
Package pdftexcmds Info: LuaTeX not detected.
Package pdftexcmds Info: \pdf@primitive is available.
Package pdftexcmds Info: \pdf@ifprimitive is available.
Package pdftexcmds Info: \pdfdraftmode found.
Package: pdfescape 2016/05/16 v1.14 Implements pdfTeX's escape features (HO)
Package: bigintcalc 2016/05/16 v1.4 Expandable calculations on big integers (HO
)
Package: bitset 2016/05/16 v1.2 Handle bit-vector datatype (HO)
Package: uniquecounter 2016/05/16 v1.3 Provide unlimited unique counter (HO)
)
Package hobsub Info: Skipping package `hobsub' (already loaded).
Package: letltxmacro 2016/05/16 v1.5 Let assignment for LaTeX macros (HO)
Package: hopatch 2016/05/16 v1.3 Wrapper for package hooks (HO)
Package: xcolor-patch 2016/05/16 xcolor patch
Package: atveryend 2016/05/16 v1.9 Hooks at the very end of document (HO)
Package atveryend Info: \enddocument detected (standard20110627).
Package: atbegshi 2016/06/09 v1.18 At begin shipout hook (HO)
Package: refcount 2016/05/16 v3.5 Data extraction from label references (HO)
Package: hycolor 2016/05/16 v1.8 Color options for hyperref/bookmark (HO)
)
("D:\Program Files\MiKTeX 2.9\tex\latex\graphics\keyval.sty"
Package: keyval 2014/10/28 v1.15 key=value parser (DPC)
\KV@toks@=\toks22
)
("D:\Program Files\MiKTeX 2.9\tex\latex\oberdiek\auxhook.sty"
Package: auxhook 2016/05/16 v1.4 Hooks for auxiliary files (HO)
)
("D:\Program Files\MiKTeX 2.9\tex\latex\oberdiek\kvoptions.sty"
Package: kvoptions 2016/05/16 v3.12 Key value format for package options (HO)
)
\@linkdim=\dimen147
\Hy@linkcounter=\count138
\Hy@pagecounter=\count139

("D:\Program Files\MiKTeX 2.9\tex\latex\hyperref\pd1enc.def"
File: pd1enc.def 2018/02/06 v6.86b Hyperref: PDFDocEncoding definition (HO)
Now handling font encoding PD1 ...
... no UTF-8 mapping file for font encoding PD1
)
\Hy@SavedSpaceFactor=\count140

("D:\Program Files\MiKTeX 2.9\tex\latex\00miktex\hyperref.cfg"
File: hyperref.cfg 2002/06/06 v1.2 hyperref configuration of TeXLive
)
Package hyperref Info: Option `hypertexnames' set `false' on input line 4383.
Package hyperref Info: Hyper figures OFF on input line 4509.
Package hyperref Info: Link nesting OFF on input line 4514.
Package hyperref Info: Hyper index ON on input line 4517.
Package hyperref Info: Plain pages OFF on input line 4524.
Package hyperref Info: Backreferencing OFF on input line 4529.
Package hyperref Info: Implicit mode ON; LaTeX internals redefined.
Package hyperref Info: Bookmarks ON on input line 4762.
\c@Hy@tempcnt=\count141

("D:\Program Files\MiKTeX 2.9\tex\latex\url\url.sty"
\Urlmuskip=\muskip10
Package: url 2013/09/16  ver 3.4  Verb mode for urls, etc.
)
LaTeX Info: Redefining \url on input line 5115.
\XeTeXLinkMargin=\dimen148
\Fld@menulength=\count142
\Field@Width=\dimen149
\Fld@charsize=\dimen150
Package hyperref Info: Hyper figures OFF on input line 6369.
Package hyperref Info: Link nesting OFF on input line 6374.
Package hyperref Info: Hyper index ON on input line 6377.
Package hyperref Info: backreferencing OFF on input line 6384.
Package hyperref Info: Link coloring OFF on input line 6389.
Package hyperref Info: Link coloring with OCG OFF on input line 6394.
Package hyperref Info: PDF/A mode OFF on input line 6399.
LaTeX Info: Redefining \ref on input line 6439.
LaTeX Info: Redefining \pageref on input line 6443.
\Hy@abspage=\count143
\c@Item=\count144
\c@Hfootnote=\count145
)
("D:\Program Files\MiKTeX 2.9\tex\latex\memoir\memhfixc.sty"
Package: memhfixc 2013/05/30 v1.17 nameref/hyperref package fixes for memoir cl
ass
\c@memhycontfloat=\count146
\c@Hpagenote=\count147
)
Package hyperref Info: Driver (autodetected): hpdftex.

("D:\Program Files\MiKTeX 2.9\tex\latex\hyperref\hpdftex.def"
File: hpdftex.def 2018/02/06 v6.86b Hyperref driver for pdfTeX
\Fld@listcount=\count148
\c@bookmark@seq@number=\count149

("D:\Program Files\MiKTeX 2.9\tex\latex\oberdiek\rerunfilecheck.sty"
Package: rerunfilecheck 2016/05/16 v1.8 Rerun checks for auxiliary files (HO)
Package uniquecounter Info: New unique counter `rerunfilecheck' on input line 2
82.
)
\Hy@SectionHShift=\skip185
)
("D:\Program Files\MiKTeX 2.9\tex\latex\oberdiek\bookmark.sty"
Package: bookmark 2016/05/17 v1.26 PDF bookmarks (HO)

("D:\Program Files\MiKTeX 2.9\tex\latex\oberdiek\bkm-pdftex.def"
File: bkm-pdftex.def 2016/05/17 v1.26 bookmark driver for pdfTeX (HO)
\BKM@id=\count150
))
("D:\Program Files\MiKTeX 2.9\tex\generic\babel\babel.sty"
Package: babel 2018/06/05 3.22 The Babel package

("D:\Program Files\MiKTeX 2.9\tex\generic\babel\switch.def"
File: switch.def 2018/06/05 3.22 Babel switching mechanism
)
*************************************
* Local config file bblopts.cfg used
*
("D:\Program Files\MiKTeX 2.9\tex\latex\arabi\bblopts.cfg"
File: bblopts.cfg 2005/09/08 v0.1 add Arabic and Farsi to "declared" options of
 babel
)
("D:\Program Files\MiKTeX 2.9\tex\latex\babel-english\english.ldf"
Language: english 2017/06/06 v3.3r English support from the babel system

("D:\Program Files\MiKTeX 2.9\tex\generic\babel\babel.def"
File: babel.def 2018/06/05 3.22 Babel common definitions
\babel@savecnt=\count151
\U@D=\dimen151

("D:\Program Files\MiKTeX 2.9\tex\generic\babel\txtbabel.def")
\bbl@dirlevel=\count152
)
\l@canadian = a dialect from \language\l@american 
\l@australian = a dialect from \language\l@british 
\l@newzealand = a dialect from \language\l@british 
)
("D:\Program Files\MiKTeX 2.9\tex\latex\babel-portuges\portuges.ldf"
Language: portuges 2008/03/18 v1.2q Portuguese support from the babel system
\l@brazil = a dialect from \language\l@portuges 
Package babel Info: Making " an active character on input line 145.
))
("D:\Program Files\MiKTeX 2.9\tex\latex\enumitem\enumitem.sty"
Package: enumitem 2011/09/28 v3.5.2 Customized lists
\labelindent=\skip186
\enit@outerparindent=\dimen152
\enit@toks=\toks23
\enit@inbox=\box29
\enitdp@description=\count153
)
("D:\Program Files\MiKTeX 2.9\tex\latex\tools\calc.sty"
Package: calc 2017/05/25 v4.3 Infix arithmetic (KKT,FJ)
\calc@Acount=\count154
\calc@Bcount=\count155
\calc@Adimen=\dimen153
\calc@Bdimen=\dimen154
\calc@Askip=\skip187
\calc@Bskip=\skip188
LaTeX Info: Redefining \setlength on input line 80.
LaTeX Info: Redefining \addtolength on input line 81.
\calc@Ccount=\count156
\calc@Cskip=\skip189
)

******************************************************
Stock height and width: 845.04684pt by 597.50787pt
Top and edge trims: 0pt and 0pt
Page height and width: 845.04684pt by 597.50787pt
Text height and width: 708pt by 455pt
Spine and edge margins: 85.35826pt and 56.9055pt
Upper and lower margins: 85.35826pt and 51.68858pt
Headheight and headsep: 14.5pt and 19.8738pt
Footskip: 30pt
Columnsep and columnseprule: 10pt and 0pt
Marginparsep and marginparwidth: 7pt and 42.9055pt
Sidecapsep and sidecapwidth: 7pt and 42pt
Sidebarhsep and sidebarwidth: 7pt and 42pt
Sidebarvsep and sidebartopsep: 14.5pt and 0pt
Sidebarheight: 590.14995pt
Sidefoothsep and sidefootwidth: 7pt and 42pt
Sidefootvsep and sidefootheight: 14.5pt and 590.14995pt
******************************************************

\c@bookmarkcounter=\count157
\cftlastnumwidth=\skip190
\chapternamenumlength=\skip191
\citacaorecuo=\skip192
\c@alineasi=\count158
\c@alineasii=\count159
\enitdp@alineas=\count160
\c@subalineasi=\count161
\enitdp@subalineas=\count162
\c@incisosi=\count163
\enitdp@incisos=\count164
\signwidth=\skip193
\signthickness=\skip194
\signskip=\skip256
) ("D:\Program Files\MiKTeX 2.9\tex\latex\lm\lmodern.sty"
Package: lmodern 2009/10/30 v1.6 Latin Modern Fonts
LaTeX Font Info:    Overwriting symbol font `operators' in version `normal'
(Font)                  OT1/cmr/m/n --> OT1/lmr/m/n on input line 22.
LaTeX Font Info:    Overwriting symbol font `letters' in version `normal'
(Font)                  OML/cmm/m/it --> OML/lmm/m/it on input line 23.
LaTeX Font Info:    Overwriting symbol font `symbols' in version `normal'
(Font)                  OMS/cmsy/m/n --> OMS/lmsy/m/n on input line 24.
LaTeX Font Info:    Overwriting symbol font `largesymbols' in version `normal'
(Font)                  OMX/cmex/m/n --> OMX/lmex/m/n on input line 25.
LaTeX Font Info:    Overwriting symbol font `operators' in version `bold'
(Font)                  OT1/cmr/bx/n --> OT1/lmr/bx/n on input line 26.
LaTeX Font Info:    Overwriting symbol font `letters' in version `bold'
(Font)                  OML/cmm/b/it --> OML/lmm/b/it on input line 27.
LaTeX Font Info:    Overwriting symbol font `symbols' in version `bold'
(Font)                  OMS/cmsy/b/n --> OMS/lmsy/b/n on input line 28.
LaTeX Font Info:    Overwriting symbol font `largesymbols' in version `bold'
(Font)                  OMX/cmex/m/n --> OMX/lmex/m/n on input line 29.
LaTeX Font Info:    Overwriting math alphabet `\mathbf' in version `normal'
(Font)                  OT1/cmr/bx/n --> OT1/lmr/bx/n on input line 31.
LaTeX Font Info:    Overwriting math alphabet `\mathsf' in version `normal'
(Font)                  OT1/cmss/m/n --> OT1/lmss/m/n on input line 32.
LaTeX Font Info:    Overwriting math alphabet `\mathit' in version `normal'
(Font)                  OT1/cmr/m/it --> OT1/lmr/m/it on input line 33.
LaTeX Font Info:    Overwriting math alphabet `\mathtt' in version `normal'
(Font)                  OT1/cmtt/m/n --> OT1/lmtt/m/n on input line 34.
LaTeX Font Info:    Overwriting math alphabet `\mathbf' in version `bold'
(Font)                  OT1/cmr/bx/n --> OT1/lmr/bx/n on input line 35.
LaTeX Font Info:    Overwriting math alphabet `\mathsf' in version `bold'
(Font)                  OT1/cmss/bx/n --> OT1/lmss/bx/n on input line 36.
LaTeX Font Info:    Overwriting math alphabet `\mathit' in version `bold'
(Font)                  OT1/cmr/bx/it --> OT1/lmr/bx/it on input line 37.
LaTeX Font Info:    Overwriting math alphabet `\mathtt' in version `bold'
(Font)                  OT1/cmtt/m/n --> OT1/lmtt/m/n on input line 38.
)
("D:\Program Files\MiKTeX 2.9\tex\latex\base\fontenc.sty"
Package: fontenc 2017/04/05 v2.0i Standard LaTeX package

("D:\Program Files\MiKTeX 2.9\tex\latex\base\t1enc.def"
File: t1enc.def 2017/04/05 v2.0i Standard LaTeX file
LaTeX Font Info:    Redeclaring font encoding T1 on input line 48.
))
("D:\Program Files\MiKTeX 2.9\tex\latex\base\inputenc.sty"
Package: inputenc 2018/04/06 v1.3b Input encoding file
\inpenc@prehook=\toks24
\inpenc@posthook=\toks25
)
("D:\Program Files\MiKTeX 2.9\tex\latex\lastpage\lastpage.sty"
Package: lastpage 2015/03/29 v1.2m Refers to last page's name (HMM; JPG)
)
("D:\Program Files\MiKTeX 2.9\tex\latex\tools\indentfirst.sty"
Package: indentfirst 1995/11/23 v1.03 Indent first paragraph (DPC)
)
("D:\Program Files\MiKTeX 2.9\tex\latex\graphics\color.sty"
Package: color 2016/07/10 v1.1e Standard LaTeX Color (DPC)

("D:\Program Files\MiKTeX 2.9\tex\latex\graphics-cfg\color.cfg"
File: color.cfg 2016/01/02 v1.6 sample color configuration
)
Package color Info: Driver file: pdftex.def on input line 147.

("D:\Program Files\MiKTeX 2.9\tex\latex\graphics-def\pdftex.def"
File: pdftex.def 2018/01/08 v1.0l Graphics/color driver for pdftex
))
("D:\Program Files\MiKTeX 2.9\tex\latex\graphics\graphicx.sty"
Package: graphicx 2017/06/01 v1.1a Enhanced LaTeX Graphics (DPC,SPQR)

("D:\Program Files\MiKTeX 2.9\tex\latex\graphics\graphics.sty"
Package: graphics 2017/06/25 v1.2c Standard LaTeX Graphics (DPC,SPQR)

("D:\Program Files\MiKTeX 2.9\tex\latex\graphics\trig.sty"
Package: trig 2016/01/03 v1.10 sin cos tan (DPC)
)
("D:\Program Files\MiKTeX 2.9\tex\latex\graphics-cfg\graphics.cfg"
File: graphics.cfg 2016/06/04 v1.11 sample graphics configuration
)
Package graphics Info: Driver file: pdftex.def on input line 99.
)
\Gin@req@height=\dimen155
\Gin@req@width=\dimen156
)
("D:\Program Files\MiKTeX 2.9\tex\latex\microtype\microtype.sty"
Package: microtype 2018/01/14 v2.7a Micro-typographical refinements (RS)
\MT@toks=\toks26
\MT@count=\count165
LaTeX Info: Redefining \textls on input line 793.
\MT@outer@kern=\dimen157
LaTeX Info: Redefining \textmicrotypecontext on input line 1339.
\MT@listname@count=\count166

("D:\Program Files\MiKTeX 2.9\tex\latex\microtype\microtype-pdftex.def"
File: microtype-pdftex.def 2018/01/14 v2.7a Definitions specific to pdftex (RS)

LaTeX Info: Redefining \lsstyle on input line 913.
LaTeX Info: Redefining \lslig on input line 913.
\MT@outer@space=\skip257
)
Package microtype Info: Loading configuration file microtype.cfg.

("D:\Program Files\MiKTeX 2.9\tex\latex\microtype\microtype.cfg"
File: microtype.cfg 2018/01/14 v2.7a microtype main configuration file (RS)
))
("D:\Program Files\MiKTeX 2.9\tex\latex\amsmath\amsmath.sty"
Package: amsmath 2017/09/02 v2.17a AMS math features
\@mathmargin=\skip258

For additional information on amsmath, use the `?' option.
("D:\Program Files\MiKTeX 2.9\tex\latex\amsmath\amstext.sty"
Package: amstext 2000/06/29 v2.01 AMS text

("D:\Program Files\MiKTeX 2.9\tex\latex\amsmath\amsgen.sty"
File: amsgen.sty 1999/11/30 v2.0 generic functions
\@emptytoks=\toks27
\ex@=\dimen158
))
("D:\Program Files\MiKTeX 2.9\tex\latex\amsmath\amsbsy.sty"
Package: amsbsy 1999/11/29 v1.2d Bold Symbols
\pmbraise@=\dimen159
)
("D:\Program Files\MiKTeX 2.9\tex\latex\amsmath\amsopn.sty"
Package: amsopn 2016/03/08 v2.02 operator names
)
\inf@bad=\count167
LaTeX Info: Redefining \frac on input line 213.
\uproot@=\count168
\leftroot@=\count169
LaTeX Info: Redefining \overline on input line 375.
\classnum@=\count170
\DOTSCASE@=\count171
LaTeX Info: Redefining \ldots on input line 472.
LaTeX Info: Redefining \dots on input line 475.
LaTeX Info: Redefining \cdots on input line 596.
\Mathstrutbox@=\box30
\strutbox@=\box31
\big@size=\dimen160
LaTeX Font Info:    Redeclaring font encoding OML on input line 712.
LaTeX Font Info:    Redeclaring font encoding OMS on input line 713.
\macc@depth=\count172
\c@MaxMatrixCols=\count173
\dotsspace@=\muskip11
\c@parentequation=\count174
\dspbrk@lvl=\count175
\tag@help=\toks28
\row@=\count176
\column@=\count177
\maxfields@=\count178
\andhelp@=\toks29
\eqnshift@=\dimen161
\alignsep@=\dimen162
\tagshift@=\dimen163
\tagwidth@=\dimen164
\totwidth@=\dimen165
\lineht@=\dimen166
\@envbody=\toks30
\multlinegap=\skip259
\multlinetaggap=\skip260
\mathdisplay@stack=\toks31
LaTeX Info: Redefining \[ on input line 2817.
LaTeX Info: Redefining \] on input line 2818.
)
("D:\Program Files\MiKTeX 2.9\tex\latex\float\float.sty"
Package: float 2001/11/08 v1.3d Float enhancements (AL)
\c@float@type=\count179
\float@exts=\toks32
\float@box=\box32
\@float@everytoks=\toks33
\@floatcapt=\box33
)
("D:\Program Files\MiKTeX 2.9\tex\latex\multirow\multirow.sty"
Package: multirow 2016/11/25 v2.2 Span multiple rows of a table
\multirow@colwidth=\skip261
\multirow@cntb=\count180
\multirow@dima=\skip262
\bigstrutjot=\dimen167
)
("D:\Program Files\MiKTeX 2.9\tex\latex\multirow\bigstrut.sty"
Package: bigstrut 2016/11/25 v2.2 Provide larger struts in tabulars
)
("D:\Program Files\MiKTeX 2.9\tex\latex\natbib\natbib.sty"
Package: natbib 2010/09/13 8.31b (PWD, AO)
\bibhang=\skip263
\bibsep=\skip264
LaTeX Info: Redefining \cite on input line 694.
\c@NAT@ctr=\count181
)
("D:\Program Files\MiKTeX 2.9\tex\latex\environ\environ.sty"
Package: environ 2014/05/04 v0.3 A new way to define environments

("D:\Program Files\MiKTeX 2.9\tex\latex\trimspaces\trimspaces.sty"
Package: trimspaces 2009/09/17 v1.1 Trim spaces around a token list
))
(tcc_henriquevitoi.aux)
\openout1 = `tcc_henriquevitoi.aux'.

LaTeX Font Info:    Checking defaults for OML/cmm/m/it on input line 75.
LaTeX Font Info:    ... okay on input line 75.
LaTeX Font Info:    Checking defaults for T1/cmr/m/n on input line 75.
LaTeX Font Info:    ... okay on input line 75.
LaTeX Font Info:    Checking defaults for OT1/cmr/m/n on input line 75.
LaTeX Font Info:    ... okay on input line 75.
LaTeX Font Info:    Checking defaults for OMS/cmsy/m/n on input line 75.
LaTeX Font Info:    ... okay on input line 75.
LaTeX Font Info:    Checking defaults for OMX/cmex/m/n on input line 75.
LaTeX Font Info:    ... okay on input line 75.
LaTeX Font Info:    Checking defaults for U/cmr/m/n on input line 75.
LaTeX Font Info:    ... okay on input line 75.
LaTeX Font Info:    Checking defaults for PD1/pdf/m/n on input line 75.
LaTeX Font Info:    ... okay on input line 75.
LaTeX Font Info:    Try loading font information for T1+lmr on input line 75.
 ("D:\Program Files\MiKTeX 2.9\tex\latex\lm\t1lmr.fd"
File: t1lmr.fd 2009/10/30 v1.6 Font defs for Latin Modern
)
\AtBeginShipoutBox=\box34
Package hyperref Info: Link coloring OFF on input line 75.

("D:\Program Files\MiKTeX 2.9\tex\latex\hyperref\nameref.sty"
Package: nameref 2016/05/21 v2.44 Cross-referencing by name of section

("D:\Program Files\MiKTeX 2.9\tex\generic\oberdiek\gettitlestring.sty"
Package: gettitlestring 2016/05/16 v1.5 Cleanup title references (HO)
)
\c@section@level=\count182
)
Redoing nameref's sectioning
Redoing nameref's label
LaTeX Info: Redefining \nameref on input line 75.
LaTeX Info: Redefining \ref on input line 75.
LaTeX Info: Redefining \pageref on input line 75.
LaTeX Info: Redefining \nameref on input line 75.
Package lastpage Info: Please have a look at the pageslts package at
(lastpage)             https://www.ctan.org/pkg/pageslts
(lastpage)             ! on input line 75.
("D:\Program Files\MiKTeX 2.9\tex\context\base\supp-pdf.mkii"
[Loading MPS to PDF converter (version 2006.09.02).]
\scratchcounter=\count183
\scratchdimen=\dimen168
\scratchbox=\box35
\nofMPsegments=\count184
\nofMParguments=\count185
\everyMPshowfont=\toks34
\MPscratchCnt=\count186
\MPscratchDim=\dimen169
\MPnumerator=\count187
\makeMPintoPDFobject=\count188
\everyMPtoPDFconversion=\toks35
) ("D:\Program Files\MiKTeX 2.9\tex\latex\oberdiek\epstopdf-base.sty"
Package: epstopdf-base 2016/05/15 v2.6 Base part for package epstopdf

("D:\Program Files\MiKTeX 2.9\tex\latex\oberdiek\grfext.sty"
Package: grfext 2016/05/16 v1.2 Manage graphics extensions (HO)
)
Package epstopdf-base Info: Redefining graphics rule for `.eps' on input line 4
38.
Package grfext Info: Graphics extension search list:
(grfext)             [.pdf,.png,.jpg,.mps,.jpeg,.jbig2,.jb2,.PDF,.PNG,.JPG,.JPE
G,.JBIG2,.JB2,.eps]
(grfext)             \AppendGraphicsExtensions on input line 456.
)
LaTeX Info: Redefining \microtypecontext on input line 75.
Package microtype Info: Generating PDF output.
Package microtype Info: Character protrusion enabled (level 2).
Package microtype Info: Using default protrusion set `alltext'.
Package microtype Info: Automatic font expansion enabled (level 2),
(microtype)             stretch: 20, shrink: 20, step: 1, non-selected.
Package microtype Info: Using default expansion set `basictext'.
Package microtype Info: No adjustment of tracking.
Package microtype Info: No adjustment of interword spacing.
Package microtype Info: No adjustment of character kerning.

("D:\Program Files\MiKTeX 2.9\tex\latex\microtype\mt-cmr.cfg"
File: mt-cmr.cfg 2013/05/19 v2.2 microtype config. file: Computer Modern Roman 
(RS)
) [1

{C:/Users/Henrique/AppData/Local/MiKTeX/2.9/pdftex/config/pdftex.map}]
LaTeX Font Info:    Try loading font information for OT1+lmr on input line 84.

("D:\Program Files\MiKTeX 2.9\tex\latex\lm\ot1lmr.fd"
File: ot1lmr.fd 2009/10/30 v1.6 Font defs for Latin Modern
)
LaTeX Font Info:    Try loading font information for OML+lmm on input line 84.

("D:\Program Files\MiKTeX 2.9\tex\latex\lm\omllmm.fd"
File: omllmm.fd 2009/10/30 v1.6 Font defs for Latin Modern
)
LaTeX Font Info:    Try loading font information for OMS+lmsy on input line 84.


("D:\Program Files\MiKTeX 2.9\tex\latex\lm\omslmsy.fd"
File: omslmsy.fd 2009/10/30 v1.6 Font defs for Latin Modern
)
LaTeX Font Info:    Try loading font information for OMX+lmex on input line 84.


("D:\Program Files\MiKTeX 2.9\tex\latex\lm\omxlmex.fd"
File: omxlmex.fd 2009/10/30 v1.6 Font defs for Latin Modern
)
LaTeX Font Info:    External font `lmex10' loaded for size
(Font)              <12> on input line 84.
LaTeX Font Info:    External font `lmex10' loaded for size
(Font)              <8> on input line 84.
LaTeX Font Info:    External font `lmex10' loaded for size
(Font)              <6> on input line 84.
 [1



] [1] [2

] [3

]
[4

] (tcc_henriquevitoi.lof [5

] [6]) [7] (tcc_henriquevitoi.lot) [8

] [9


]
[10


] (tcc_henriquevitoi.toc [11

]) [12]
* abntbibufjf: Ilustrado.
<images/reducao_custos.png, id=398, 506.6428pt x 170.13562pt>
File: images/reducao_custos.png Graphic file (type png)
<use images/reducao_custos.png>
Package pdftex.def Info: images/reducao_custos.png  used on input line 244.
(pdftex.def)             Requested size: 455.0pt x 152.79613pt.
[13


 <./images/reducao_custos.png>]
<images/rolamento_deslizamento.png, id=413, 760.34062pt x 375.65344pt>
File: images/rolamento_deslizamento.png Graphic file (type png)
<use images/rolamento_deslizamento.png>
Package pdftex.def Info: images/rolamento_deslizamento.png  used on input line 
265.
(pdftex.def)             Requested size: 455.0pt x 224.80339pt.
<images/testes_desgaste.png, id=417, 364.36125pt x 357.58594pt>
File: images/testes_desgaste.png Graphic file (type png)
<use images/testes_desgaste.png>
Package pdftex.def Info: images/testes_desgaste.png  used on input line 274.
(pdftex.def)             Requested size: 364.00139pt x 357.24675pt.
 [14 <./images/rolamento_deslizamento.png>]
<images/tribometro_partes.jpg, id=428, 2457.18pt x 2553.54pt>
File: images/tribometro_partes.jpg Graphic file (type jpg)
<use images/tribometro_partes.jpg>
Package pdftex.def Info: images/tribometro_partes.jpg  used on input line 287.
(pdftex.def)             Requested size: 409.49722pt x 425.52402pt.

[15 <./images/testes_desgaste.png>] [16 <./images/tribometro_partes.jpg>]
<images/caracteristicas_roda.png, id=445, 819.06pt x 248.42813pt>
File: images/caracteristicas_roda.png Graphic file (type png)
<use images/caracteristicas_roda.png>
Package pdftex.def Info: images/caracteristicas_roda.png  used on input line 30
1.
(pdftex.def)             Requested size: 455.0pt x 138.00812pt.
<images/roda.png, id=449, 262.73157pt x 392.21532pt>
File: images/roda.png Graphic file (type png)
<use images/roda.png>
Package pdftex.def Info: images/roda.png  used on input line 314.
(pdftex.def)             Requested size: 113.75pt x 169.81033pt.

[17 <./images/caracteristicas_roda.png>] [18 <./images/roda.png>]
<images/ccc_cfc.png, id=471, 516.42938pt x 268.75406pt>
File: images/ccc_cfc.png Graphic file (type png)
<use images/ccc_cfc.png>
Package pdftex.def Info: images/ccc_cfc.png  used on input line 356.
(pdftex.def)             Requested size: 318.49861pt x 165.7523pt.
LaTeX Font Info:    External font `lmex10' loaded for size
(Font)              <10.95> on input line 357.
 [19

 <./images/ccc_cfc.png>]
<images/alotropia.png, id=481, 561.59813pt x 118.19156pt>
File: images/alotropia.png Graphic file (type png)
<use images/alotropia.png>
Package pdftex.def Info: images/alotropia.png  used on input line 365.
(pdftex.def)             Requested size: 455.0pt x 95.75627pt.


Package hyperref Warning: Token not allowed in a PDF string (PDFDocEncoding):
(hyperref)                removing `math shift' on input line 394.


Package hyperref Warning: Token not allowed in a PDF string (PDFDocEncoding):
(hyperref)                removing `subscript' on input line 394.


Package hyperref Warning: Token not allowed in a PDF string (PDFDocEncoding):
(hyperref)                removing `math shift' on input line 394.

<images/ferro_carbono.png, id=488, 686.565pt x 508.90125pt>
File: images/ferro_carbono.png Graphic file (type png)
<use images/ferro_carbono.png>
Package pdftex.def Info: images/ferro_carbono.png  used on input line 402.
(pdftex.def)             Requested size: 455.0pt x 337.25807pt.
[20 <./images/alotropia.png>]
LaTeX Font Info:    Try loading font information for OMS+lmr on input line 410.


("D:\Program Files\MiKTeX 2.9\tex\latex\lm\omslmr.fd"
File: omslmr.fd 2009/10/30 v1.6 Font defs for Latin Modern
)
LaTeX Font Info:    Font shape `OMS/lmr/m/n' in size <12> not available
(Font)              Font shape `OMS/lmsy/m/n' tried instead on input line 410.
 [21 <./images/ferro_carbono.png>]
<images/ferrita_austenita.png, id=507, 848.4197pt x 519.44063pt>
File: images/ferrita_austenita.png Graphic file (type png)
<use images/ferrita_austenita.png>
Package pdftex.def Info: images/ferrita_austenita.png  used on input line 425.
(pdftex.def)             Requested size: 455.0pt x 278.56773pt.
 [22 <./images/ferrita_austenita.png>]
<images/eutetoide.png, id=519, 325.215pt x 417.81094pt>
File: images/eutetoide.png Graphic file (type png)
<use images/eutetoide.png>
Package pdftex.def Info: images/eutetoide.png  used on input line 444.
(pdftex.def)             Requested size: 318.49861pt x 409.20967pt.
 [23 <./images/eutetoide.png>]
<images/perlita.png, id=533, 1251.17438pt x 627.84563pt>
File: images/perlita.png Graphic file (type png)
<use images/perlita.png>
Package pdftex.def Info: images/perlita.png  used on input line 455.
(pdftex.def)             Requested size: 455.0pt x 228.32349pt.
<images/perlita_hipo.png, id=539, 1674.255pt x 602.25pt>
File: images/perlita_hipo.png Graphic file (type png)
<use images/perlita_hipo.png>
Package pdftex.def Info: images/perlita_hipo.png  used on input line 466.
(pdftex.def)             Requested size: 455.0pt x 163.66647pt.

[24 <./images/perlita.png>]
<images/perlita_hiper.png, id=550, 1187.93813pt x 584.1825pt>
File: images/perlita_hiper.png Graphic file (type png)
<use images/perlita_hiper.png>
Package pdftex.def Info: images/perlita_hiper.png  used on input line 475.
(pdftex.def)             Requested size: 455.0pt x 223.75659pt.
 [25 <./images/perlita_hipo.png> <./images/perlita_hiper.png>] [26]
<images/isotermico.png, id=574, 405.01312pt x 423.83344pt>
File: images/isotermico.png Graphic file (type png)
<use images/isotermico.png>
Package pdftex.def Info: images/isotermico.png  used on input line 514.
(pdftex.def)             Requested size: 409.49722pt x 428.53401pt.
 [27 <./images/isotermico.png>]
<images/formacao_perlita.png, id=586, 758.08218pt x 524.71031pt>
File: images/formacao_perlita.png Graphic file (type png)
<use images/formacao_perlita.png>
Package pdftex.def Info: images/formacao_perlita.png  used on input line 525.
(pdftex.def)             Requested size: 432.24861pt x 299.18405pt.
<images/resfriamento_ttt.png, id=590, 693.34032pt x 630.10406pt>
File: images/resfriamento_ttt.png Graphic file (type png)
<use images/resfriamento_ttt.png>
Package pdftex.def Info: images/resfriamento_ttt.png  used on input line 536.
(pdftex.def)             Requested size: 341.25pt x 310.12859pt.
 [28 <./images/formacao_perlita.png>] [29 <./images/resfriamento_ttt.png>]
<images/formacao_bainita.png, id=612, 721.19438pt x 650.43pt>
File: images/formacao_bainita.png Graphic file (type png)
<use images/formacao_bainita.png>
Package pdftex.def Info: images/formacao_bainita.png  used on input line 564.
(pdftex.def)             Requested size: 386.75278pt x 348.80533pt.
<images/bainita_bib.png, id=616, 648.17157pt x 542.77782pt>
File: images/bainita_bib.png Graphic file (type png)
<use images/bainita_bib.png>
Package pdftex.def Info: images/bainita_bib.png  used on input line 575.
(pdftex.def)             Requested size: 341.25pt x 285.76598pt.
 [30 <./images/formacao_bainita.png>]
[31 <./images/bainita_bib.png>]
<images/revenido.png, id=640, 628.59843pt x 575.14874pt>
File: images/revenido.png Graphic file (type png)
<use images/revenido.png>
Package pdftex.def Info: images/revenido.png  used on input line 600.
(pdftex.def)             Requested size: 386.75278pt x 353.86795pt.
 [32 <./images/revenido.png>]
<images/martensita_revenida.png, id=653, 545.78906pt x 575.14874pt>
File: images/martensita_revenida.png Graphic file (type png)
<use images/martensita_revenida.png>
Package pdftex.def Info: images/martensita_revenida.png  used on input line 611
.
(pdftex.def)             Requested size: 386.75278pt x 407.55984pt.
<images/dureza_resistencia_revenido.png, id=656, 397.485pt x 392.21532pt>
File: images/dureza_resistencia_revenido.png Graphic file (type png)
<use images/dureza_resistencia_revenido.png>
Package pdftex.def Info: images/dureza_resistencia_revenido.png  used on input 
line 618.
(pdftex.def)             Requested size: 341.25pt x 336.73602pt.
 [33 <./images/martensita_revenida.png>] [34 <./images/dureza_resistencia_reven
ido.png>]
<images/ataque_grao.png, id=676, 666.23906pt x 334.24875pt>
File: images/ataque_grao.png Graphic file (type png)
<use images/ataque_grao.png>
Package pdftex.def Info: images/ataque_grao.png  used on input line 653.
(pdftex.def)             Requested size: 409.49722pt x 205.44699pt.
 [35 <./images/ataque_grao.png>]
<images/ataque_contorno.png, id=687, 574.39594pt x 326.72063pt>
File: images/ataque_contorno.png Graphic file (type png)
<use images/ataque_contorno.png>
Package pdftex.def Info: images/ataque_contorno.png  used on input line 662.
(pdftex.def)             Requested size: 409.49722pt x 232.93045pt.
 [36 <./images/ataque_contorno.png>] [37]
<images/durometro.png, id=709, 399.29175pt x 540.8205pt>
File: images/durometro.png Graphic file (type png)
<use images/durometro.png>
Package pdftex.def Info: images/durometro.png  used on input line 731.
(pdftex.def)             Requested size: 227.5pt x 308.13884pt.
<images/dureza_rockwell.png, id=711, 811.833pt x 453.49425pt>
File: images/dureza_rockwell.png Graphic file (type png)
<use images/dureza_rockwell.png>
Package pdftex.def Info: images/dureza_rockwell.png  used on input line 740.
(pdftex.def)             Requested size: 364.00139pt x 203.33702pt.
 [38 <./images/durometro.png>]
<images/teste_dureza.png, id=721, 453.19313pt x 444.15938pt>
File: images/teste_dureza.png Graphic file (type png)
<use images/teste_dureza.png>
Package pdftex.def Info: images/teste_dureza.png  used on input line 751.
(pdftex.def)             Requested size: 181.99722pt x 178.36543pt.
 [39 <./images/dureza_rockwell.png> <./images/teste_dureza.png>]
<images/esquema_teste.png, id=731, 992.95969pt x 243.91125pt>
File: images/esquema_teste.png Graphic file (type png)
<use images/esquema_teste.png>
Package pdftex.def Info: images/esquema_teste.png  used on input line 772.
(pdftex.def)             Requested size: 455.0pt x 111.76508pt.
<images/tribometro.jpg, id=733, 3276.24pt x 2457.18pt>
File: images/tribometro.jpg Graphic file (type jpg)
<use images/tribometro.jpg>
Package pdftex.def Info: images/tribometro.jpg  used on input line 783.
(pdftex.def)             Requested size: 341.25pt x 255.93062pt.

[40

 <./images/esquema_teste.png>]
<images/esquema_tribometro.png, id=741, 1296.34312pt x 596.98032pt>
File: images/esquema_tribometro.png Graphic file (type png)
<use images/esquema_tribometro.png>
Package pdftex.def Info: images/esquema_tribometro.png  used on input line 792.

(pdftex.def)             Requested size: 455.0pt x 209.52922pt.
 [41 <./images/tribometro.jpg> <./images/esquema_tribometro.png>]
<images/secao_roda.jpg, id=752, 540.51938pt x 566.86781pt>
File: images/secao_roda.jpg Graphic file (type jpg)
<use images/secao_roda.jpg>
Package pdftex.def Info: images/secao_roda.jpg  used on input line 807.
(pdftex.def)             Requested size: 227.5pt x 238.58453pt.
 [42 <./images/secao_roda.jpg>]
<images/amostra_roda_pura.jpg, id=761, 2240.37pt x 1742.51pt>
File: images/amostra_roda_pura.jpg Graphic file (type jpg)
<use images/amostra_roda_pura.jpg>
Package pdftex.def Info: images/amostra_roda_pura.jpg  used on input line 818.
(pdftex.def)             Requested size: 250.25139pt x 194.62802pt.
<images/amostras.png, id=763, 408.77719pt x 197.98969pt>
File: images/amostras.png Graphic file (type png)
<use images/amostras.png>
Package pdftex.def Info: images/amostras.png  used on input line 827.
(pdftex.def)             Requested size: 455.0pt x 220.39046pt.
 [43 <./images/amostra_roda_pura.jpg> <./images/amostras.png>]
Underfull \hbox (badness 10000) in paragraph at lines 869--869
[]|\T1/lmr/bx/n/12 Identificação
 []

<images/amostra_perlita.jpg, id=773, 1200.485pt x 1204.5pt>
File: images/amostra_perlita.jpg Graphic file (type jpg)
<use images/amostra_perlita.jpg>
Package pdftex.def Info: images/amostra_perlita.jpg  used on input line 881.
(pdftex.def)             Requested size: 227.5pt x 228.25087pt.
[44] [45 <./images/amostra_perlita.jpg>]
<images/austempera.png, id=788, 394.47375pt x 373.395pt>
File: images/austempera.png Graphic file (type png)
<use images/austempera.png>
Package pdftex.def Info: images/austempera.png  used on input line 909.
(pdftex.def)             Requested size: 364.00139pt x 344.55313pt.
<images/sais.jpg, id=795, 3276.24pt x 2457.18pt>
File: images/sais.jpg Graphic file (type jpg)
<use images/sais.jpg>
Package pdftex.def Info: images/sais.jpg  used on input line 920.
(pdftex.def)             Requested size: 318.49861pt x 238.87108pt.
 [46 <./images/austempera.png>]
<images/forno.jpg, id=804, 3276.24pt x 2457.18pt>
File: images/forno.jpg Graphic file (type jpg)
<use images/forno.jpg>
Package pdftex.def Info: images/forno.jpg  used on input line 929.
(pdftex.def)             Requested size: 318.49861pt x 238.87108pt.
<images/mufla.jpg, id=805, 3276.24pt x 2457.18pt>
File: images/mufla.jpg Graphic file (type jpg)
<use images/mufla.jpg>
Package pdftex.def Info: images/mufla.jpg  used on input line 936.
(pdftex.def)             Requested size: 318.49861pt x 238.87108pt.

[47 <./images/sais.jpg> <./images/forno.jpg>]
<images/resfriamento.jpg, id=815, 3276.24pt x 2457.18pt>
File: images/resfriamento.jpg Graphic file (type jpg)
<use images/resfriamento.jpg>
Package pdftex.def Info: images/resfriamento.jpg  used on input line 945.
(pdftex.def)             Requested size: 318.49861pt x 238.87108pt.
 [48 <./images/mufla.jpg> <./images/resfriamento.jpg>]
<images/pirometro.jpg, id=824, 2457.18pt x 3276.24pt>
File: images/pirometro.jpg Graphic file (type jpg)
<use images/pirometro.jpg>
Package pdftex.def Info: images/pirometro.jpg  used on input line 974.
(pdftex.def)             Requested size: 273.00278pt x 363.9869pt.
 [49 <./images/pirometro.jpg>]
<images/amostra_bainita.jpg, id=832, 2288.55pt x 2184.16pt>
File: images/amostra_bainita.jpg Graphic file (type jpg)
<use images/amostra_bainita.jpg>
Package pdftex.def Info: images/amostra_bainita.jpg  used on input line 983.
(pdftex.def)             Requested size: 318.49861pt x 303.9473pt.
 [50 <./images/amostra_bainita.jpg>] [51] [52]
<images/corte_micrografia.jpg, id=857, 2063.71pt x 1686.3pt>
File: images/corte_micrografia.jpg Graphic file (type jpg)
<use images/corte_micrografia.jpg>
Package pdftex.def Info: images/corte_micrografia.jpg  used on input line 1032.

(pdftex.def)             Requested size: 181.99722pt x 148.69847pt.
<images/bainita_bib2.png, id=859, 777.65532pt x 557.83406pt>
File: images/bainita_bib2.png Graphic file (type png)
<use images/bainita_bib2.png>
Package pdftex.def Info: images/bainita_bib2.png  used on input line 1049.
(pdftex.def)             Requested size: 332.14806pt x 238.26373pt.
 [53 <./images/corte_micrografia.jpg>]
<images/revenido_bib.png, id=872, 765.6103pt x 553.31718pt>
File: images/revenido_bib.png Graphic file (type png)
<use images/revenido_bib.png>
Package pdftex.def Info: images/revenido_bib.png  used on input line 1057.
(pdftex.def)             Requested size: 332.14806pt x 240.04936pt.
 [54 <./images/bainita_bib2.png> <./images/revenido_bib.png>]
<images/perlita_bib.png, id=887, 779.16093pt x 551.81157pt>
File: images/perlita_bib.png Graphic file (type png)
<use images/perlita_bib.png>
Package pdftex.def Info: images/perlita_bib.png  used on input line 1066.
(pdftex.def)             Requested size: 455.0pt x 322.2317pt.
 [55 <./images/perlita_bib.png>]
<images/apoio_tribometro.png, id=899, 1365.60187pt x 487.8225pt>
File: images/apoio_tribometro.png Graphic file (type png)
<use images/apoio_tribometro.png>
Package pdftex.def Info: images/apoio_tribometro.png  used on input line 1084.
(pdftex.def)             Requested size: 455.0pt x 162.53018pt.
 [56 <./images/apoio_tribometro.png>]
<images/ultrassom.jpg, id=920, 3276.24pt x 2457.18pt>
File: images/ultrassom.jpg Graphic file (type jpg)
<use images/ultrassom.jpg>
Package pdftex.def Info: images/ultrassom.jpg  used on input line 1121.
(pdftex.def)             Requested size: 364.00139pt x 272.99017pt.
 [57 <./images/ultrassom.jpg>]
<images/balanca.jpg, id=928, 2457.18pt x 3276.24pt>
File: images/balanca.jpg Graphic file (type jpg)
<use images/balanca.jpg>
Package pdftex.def Info: images/balanca.jpg  used on input line 1130.
(pdftex.def)             Requested size: 227.5pt x 303.29741pt.
 [58 <./images/balanca.jpg>] [59

] [60]
<images/micrografias/bainita_10_2.jpg, id=953, 321.3606pt x 240.9pt>
File: images/micrografias/bainita_10_2.jpg Graphic file (type jpg)
<use images/micrografias/bainita_10_2.jpg>
Package pdftex.def Info: images/micrografias/bainita_10_2.jpg  used on input li
ne 1228.
(pdftex.def)             Requested size: 455.0pt x 341.09525pt.
<images/micrografias/bainita_5_2.jpg, id=954, 364.2408pt x 273.1806pt>
File: images/micrografias/bainita_5_2.jpg Graphic file (type jpg)
<use images/micrografias/bainita_5_2.jpg>
Package pdftex.def Info: images/micrografias/bainita_5_2.jpg  used on input lin
e 1235.
(pdftex.def)             Requested size: 409.49722pt x 307.13982pt.
 [61 <./images/micrografias/bainita_10_2.jpg>]
<images/micrografias/bainita_2_1.jpg, id=960, 293.898pt x 220.6644pt>
File: images/micrografias/bainita_2_1.jpg Graphic file (type jpg)
<use images/micrografias/bainita_2_1.jpg>
Package pdftex.def Info: images/micrografias/bainita_2_1.jpg  used on input lin
e 1242.
(pdftex.def)             Requested size: 409.49722pt x 307.4802pt.
 [62 <./images/micrografias/bainita_5_2.jpg> <./images/micrografias/bainita_2_1
.jpg>]
<images/comparacao_bainita.png, id=973, 567.62062pt x 284.56313pt>
File: images/comparacao_bainita.png Graphic file (type png)
<use images/comparacao_bainita.png>
Package pdftex.def Info: images/comparacao_bainita.png  used on input line 1253
.
(pdftex.def)             Requested size: 455.0pt x 228.11105pt.
 [63 <./images/comparacao_bainita.png>]
<images/micrografias/perlita1000x.jpg, id=981, 364.2408pt x 272.6988pt>
File: images/micrografias/perlita1000x.jpg Graphic file (type jpg)
<use images/micrografias/perlita1000x.jpg>
Package pdftex.def Info: images/micrografias/perlita1000x.jpg  used on input li
ne 1266.
(pdftex.def)             Requested size: 455.0pt x 340.6646pt.
<images/comparacao_perlita.png, id=986, 481.8pt x 304.88907pt>
File: images/comparacao_perlita.png Graphic file (type png)
<use images/comparacao_perlita.png>
Package pdftex.def Info: images/comparacao_perlita.png  used on input line 1277
.
(pdftex.def)             Requested size: 455.0pt x 287.9356pt.
 [64 <./images/micrografias/perlita1000x.jpg>]
[65 <./images/comparacao_perlita.png>]
Underfull \hbox (badness 10000) in paragraph at lines 1306--1306
[]|\T1/lmr/m/n/12 (+20) Desvio pa-drão
 []


Underfull \hbox (badness 10000) in paragraph at lines 1327--1327
[]|\T1/lmr/m/n/12 (+20) Desvio pa-drão
 []


Underfull \hbox (badness 10000) in paragraph at lines 1348--1348
[]|\T1/lmr/m/n/12 (+20) Desvio pa-drão
 []


Underfull \hbox (badness 10000) in paragraph at lines 1369--1369
[]|\T1/lmr/m/n/12 (+20) Desvio pa-drão
 []

<images/graf1.png, id=1008, 421.575pt x 316.18124pt>
File: images/graf1.png Graphic file (type png)
<use images/graf1.png>
Package pdftex.def Info: images/graf1.png  used on input line 1379.
(pdftex.def)             Requested size: 455.0pt x 341.25838pt.
[66]
<images/graf2.png, id=1018, 421.575pt x 316.18124pt>
File: images/graf2.png Graphic file (type png)
<use images/graf2.png>
Package pdftex.def Info: images/graf2.png  used on input line 1390.
(pdftex.def)             Requested size: 455.0pt x 341.25838pt.
 [67 <./images/graf1.png (PNG copy)>] [68 <./images/graf2.png (PNG copy)>]
[69

] (tcc_henriquevitoi.bbl [70]) [71

]
<01.png, id=1053, 349.305pt x 158.84344pt>
File: 01.png Graphic file (type png)
<use 01.png>
Package pdftex.def Info: 01.png  used on input line 1435.
(pdftex.def)             Requested size: 261.9781pt x 119.13228pt.
LaTeX Font Info:    External font `lmex10' loaded for size
(Font)              <10> on input line 1452.
LaTeX Font Info:    External font `lmex10' loaded for size
(Font)              <7> on input line 1452.
LaTeX Font Info:    External font `lmex10' loaded for size
(Font)              <5> on input line 1452.
 
AED: lastpage setting LastPage
[72

 <./01.png>]
\tf@lof=\write4
\openout4 = `tcc_henriquevitoi.lof'.

\tf@lot=\write5
\openout5 = `tcc_henriquevitoi.lot'.

\tf@toc=\write6
\openout6 = `tcc_henriquevitoi.toc'.

Package atveryend Info: Empty hook `BeforeClearDocument' on input line 1471.
Package atveryend Info: Empty hook `AfterLastShipout' on input line 1471.
 (tcc_henriquevitoi.aux)
Package atveryend Info: Executing hook `AtVeryEndDocument' on input line 1471.
Package atveryend Info: Empty hook `AtEndAfterFileList' on input line 1471.
Package atveryend Info: Empty hook `AtVeryVeryEnd' on input line 1471.
 ) 
Here is how much of TeX's memory you used:
 13763 strings out of 492973
 205482 string characters out of 3135923
 401210 words of memory out of 3000000
 16935 multiletter control sequences out of 15000+200000
 56265 words of font info for 119 fonts, out of 3000000 for 9000
 1141 hyphenation exceptions out of 8191
 38i,12n,38p,1931b,472s stack positions out of 5000i,500n,10000p,200000b,50000s
{D:/Program Files/MiKTeX 2.9/fonts/enc/dvips/lm/lm-mathsy.enc}{D:/Program Fil
es/MiKTeX 2.9/fonts/enc/dvips/lm/lm-ec.enc}{D:/Program Files/MiKTeX 2.9/fonts/e
nc/dvips/lm/lm-rm.enc}{D:/Program Files/MiKTeX 2.9/fonts/enc/dvips/lm/lm-mathit
.enc}<D:/Program Files/MiKTeX 2.9/fonts/type1/public/lm/lmbx12.pfb><D:/Program 
Files/MiKTeX 2.9/fonts/type1/public/lm/lmmi10.pfb><D:/Program Files/MiKTeX 2.9/
fonts/type1/public/lm/lmmi12.pfb><D:/Program Files/MiKTeX 2.9/fonts/type1/publi
c/lm/lmmi8.pfb><D:/Program Files/MiKTeX 2.9/fonts/type1/public/lm/lmr10.pfb><D:
/Program Files/MiKTeX 2.9/fonts/type1/public/lm/lmr12.pfb><D:/Program Files/MiK
TeX 2.9/fonts/type1/public/lm/lmr8.pfb><D:/Program Files/MiKTeX 2.9/fonts/type1
/public/lm/lmri12.pfb><D:/Program Files/MiKTeX 2.9/fonts/type1/public/lm/lmsy10
.pfb><D:/Program Files/MiKTeX 2.9/fonts/type1/public/lm/lmsy7.pfb><D:/Program F
iles/MiKTeX 2.9/fonts/type1/public/lm/lmsy8.pfb>
Output written on tcc_henriquevitoi.pdf (74 pages, 33200779 bytes).
PDF statistics:
 1319 PDF objects out of 1440 (max. 8388607)
 301 named destinations out of 1000 (max. 500000)
 18086 words of extra memory for PDF output out of 20736 (max. 10000000)

